2023-11-21 08:25:18,978 storageCleanUpReport.html found
2023-11-21 08:25:18,979 storageCleanUpSaveFile.json found
2023-11-21 08:25:19,008 c:/hiberfil.sys ~ 6615801856
2023-11-21 08:25:19,023 c:/pagefile.sys ~ 21074751488
2023-11-21 08:25:25,193 c:/Program Files\AMD\CNext\CNext\Qt6WebEngineCore.dll ~ 135330744
2023-11-21 08:25:27,141 c:/Program Files\Android\Android Studio\lib\app.jar ~ 428118476
2023-11-21 08:25:29,228 c:/Program Files\Android\Android Studio\plugins\Kotlin\lib\kotlin-plugin.jar ~ 129088828
2023-11-21 08:25:30,678 c:/Program Files\Cisco Packet Tracer 8.2.1\bin\Qt5WebEngineCore.dll ~ 117660160
2023-11-21 08:25:34,353 c:/Program Files\Docker\Docker\frontend\Docker Desktop.exe ~ 162203736
2023-11-21 08:25:34,433 c:/Program Files\Docker\Docker\resources\docker-desktop.iso ~ 281552896
2023-11-21 08:25:34,449 c:/Program Files\Docker\Docker\resources\services.iso ~ 758218752
2023-11-21 08:25:34,476 c:/Program Files\Docker\Docker\resources\wsl\docker-for-wsl.iso ~ 190740480
2023-11-21 08:25:34,489 c:/Program Files\Docker\Docker\resources\wsl\docker-wsl-cli.iso ~ 466614272
2023-11-21 08:25:38,900 c:/Program Files\Java\jdk-21\lib\modules ~ 137927373
2023-11-21 08:25:50,088 c:/Program Files\Mozilla Firefox\xul.dll ~ 107869904
2023-11-21 08:25:51,578 c:/Program Files\obs-studio\obs-plugins\64bit\libcef.dll ~ 112559120
2023-11-21 08:26:15,627 c:/Program Files (x86)\Adobe\Acrobat Reader DC\Reader\AcroCEF\libcef.dll ~ 151794640
2023-11-21 08:26:15,655 c:/Program Files (x86)\Adobe\Acrobat Reader DC\Reader\acrocef_1\libcef.dll ~ 151794640
2023-11-21 08:26:23,721 c:/Program Files (x86)\Google\Chrome\Application\119.0.6045.160\chrome.dll ~ 228675360
2023-11-21 08:26:23,742 c:/Program Files (x86)\Google\Chrome\Application\119.0.6045.160\Installer\chrome.7z ~ 365718321
2023-11-21 08:26:28,936 c:/Program Files (x86)\makecode_microbit\packages\makecode_microbit-2.0.3-full.nupkg ~ 156417904
2023-11-21 08:26:28,963 c:/Program Files (x86)\Microsoft\Edge\Application\119.0.2151.72\msedge.dll ~ 269149632
2023-11-21 08:26:29,159 c:/Program Files (x86)\Microsoft\EdgeCore\119.0.2151.72\msedge.dll ~ 269149632
2023-11-21 08:26:29,350 c:/Program Files (x86)\Microsoft\EdgeWebView\Application\119.0.2151.72\msedge.dll ~ 269149632
2023-11-21 08:26:43,392 c:/Program Files (x86)\Steam\bin\cef\cef.win7x64\libcef.dll ~ 134874472
2023-11-21 08:26:45,670 c:/Program Files (x86)\Steam\steamapps\common\RaceLeague Demo\RaceLeague_Data\globalgamemanagers.assets ~ 120532036
2023-11-21 08:26:45,683 c:/Program Files (x86)\Steam\steamapps\common\RaceLeague Demo\RaceLeague_Data\resources.assets.resS ~ 1220316388
2023-11-21 08:26:45,697 c:/Program Files (x86)\Steam\steamapps\common\RaceLeague Demo\RaceLeague_Data\sharedassets1.assets.resS ~ 237376520
2023-11-21 08:26:45,781 c:/Program Files (x86)\Steam\steamapps\common\TheoTown\TheoTown66.lby ~ 119804287
2023-11-21 08:26:47,398 c:/Program Files (x86)\Steam\steamapps\common\wallpaper_engine\bin\libcef.dll ~ 143453344
2023-11-21 08:26:47,457 c:/Program Files (x86)\Steam\steamapps\common\wallpaper_engine\distribution\bin\libcef.dll ~ 143453344
2023-11-21 08:26:48,457 c:/Program Files (x86)\Steam\steamapps\common\wallpaper_engine\projects\temp\mobile\1774004342.mpkg ~ 130437602
2023-11-21 08:26:48,891 c:/Program Files (x86)\Steam\steamapps\workshop\content\431960\1059450186\Fire loop.mp4 ~ 260159058
2023-11-21 08:26:49,046 c:/Program Files (x86)\Steam\steamapps\workshop\content\431960\1433660601\elmos gonna dance.mp4 ~ 205263750
2023-11-21 08:26:49,063 c:/Program Files (x86)\Steam\steamapps\workshop\content\431960\1474190327\The Pornhub Intro But For An Hour.mp4 ~ 105195018
2023-11-21 08:26:49,127 c:/Program Files (x86)\Steam\steamapps\workshop\content\431960\1612865998\nycwpeloop4k.mp4 ~ 611547767
2023-11-21 08:26:49,153 c:/Program Files (x86)\Steam\steamapps\workshop\content\431960\1640891860\Forza Horizon 4 Main Menu.mp4 ~ 439472818
2023-11-21 08:26:49,194 c:/Program Files (x86)\Steam\steamapps\workshop\content\431960\1774004342\drive by visualdon.mp4 ~ 129506073
2023-11-21 08:26:49,228 c:/Program Files (x86)\Steam\steamapps\workshop\content\431960\1843218479\synth city by visualdon.mp4 ~ 128608666
2023-11-21 08:26:49,246 c:/Program Files (x86)\Steam\steamapps\workshop\content\431960\1851602703\wallpaper.mp4 ~ 257170938
2023-11-21 08:26:49,285 c:/Program Files (x86)\Steam\steamapps\workshop\content\431960\1915396780\Above Nyc 4K V2.mp4 ~ 837442253
2023-11-21 08:26:49,344 c:/Program Files (x86)\Steam\steamapps\workshop\content\431960\2114001757\SampleProject.mp4 ~ 347333828
2023-11-21 08:26:49,396 c:/Program Files (x86)\Steam\steamapps\workshop\content\431960\2193383989\y2mate.com - Duck spinning to the rhythm_2rcGfc7RqE8_1080p.mp4 ~ 133129419
2023-11-21 08:26:49,413 c:/Program Files (x86)\Steam\steamapps\workshop\content\431960\2215418014\the_drive_by_visualdon_4k_60fps.mp4 ~ 159042067
2023-11-21 08:26:49,429 c:/Program Files (x86)\Steam\steamapps\workshop\content\431960\2218384942\Welcome Home Sir.mp4 ~ 140383390
2023-11-21 08:26:49,535 c:/Program Files (x86)\Steam\steamapps\workshop\content\431960\2590983618\Untitled.mp4 ~ 199863807
2023-11-21 08:26:49,628 c:/Program Files (x86)\Steam\steamapps\workshop\content\431960\824558660\The Last of Us HDR.mp4 ~ 159741584
2023-11-21 08:26:49,641 c:/Program Files (x86)\Steam\steamapps\workshop\content\431960\827148653\Gargantua_BGM.mp4 ~ 208377344
2023-11-21 08:26:49,673 c:/Program Files (x86)\Steam\steamapps\workshop\content\431960\859349216\Background_leopard1.mp4 ~ 393562452
2023-11-21 08:26:49,692 c:/Program Files (x86)\Steam\steamapps\workshop\content\431960\917043694\Apoc1.0000.mp4 ~ 168569560
2023-11-21 08:26:49,705 c:/Program Files (x86)\Steam\steamapps\workshop\content\431960\931403650\1_1.mp4 ~ 264339477
2023-11-21 08:26:49,719 c:/Program Files (x86)\Steam\steamapps\workshop\content\431960\945475152\end 4K 2.0.mp4 ~ 1781113628
2023-11-21 08:26:49,734 c:/Program Files (x86)\Steam\steamapps\workshop\content\431960\950809402\Split Second 06.19.2017 - 19.10.24.02.mp4 ~ 114671190
2023-11-21 08:26:49,751 c:/Program Files (x86)\Steam\steamapps\workshop\content\431960\962397701\apocalyptic-city_1.mp4 ~ 483571138
2023-11-21 08:27:05,661 c:/ProgramData\Adobe\Setup\{AC76BA86-7AD7-1043-7B44-AC0F074E4100}\AcroRdrDCUpd1900820071.msp ~ 226619392
2023-11-21 08:27:05,675 c:/ProgramData\Adobe\Setup\{AC76BA86-7AD7-1043-7B44-AC0F074E4100}\Data1.cab ~ 179940785
2023-11-21 08:27:07,541 c:/ProgramData\Microsoft\Windows\Start Menu\Programs\Siemens Automation\SIMATIC_S7PLCSIM_V15_1.exe ~ 1623033264
2023-11-21 08:27:08,319 c:/ProgramData\PASCO Scientific\PASCOCapstone_Win-2.3.1.1.exe ~ 236832600
2023-11-21 08:27:08,331 c:/ProgramData\PASCO Scientific\PASCO_Capstone-2.1.0.10.exe ~ 222969616
2023-11-21 08:27:09,943 c:/ProgramData\VaSe310806\Microsoft\Teams\current\Teams.exe ~ 123959064
2023-11-21 08:27:10,176 c:/ProgramData\VaSe310806\Microsoft\Teams\packages\Teams-1.4.00.35564-full.nupkg ~ 124705468
2023-11-21 08:27:10,212 c:/ProgramData\VaSe310806\Microsoft\Teams\previous\Teams.exe ~ 123961152
2023-11-21 08:27:14,388 c:/Users\VaSe310806\.gradle\caches\7.5\generated-gradle-jars\gradle-api-7.5.jar ~ 153591147
2023-11-21 08:27:14,784 c:/Users\VaSe310806\.gradle\caches\8.0\generated-gradle-jars\gradle-api-8.0.jar ~ 158599261
2023-11-21 08:27:15,526 c:/Users\VaSe310806\.gradle\caches\jars-9\8c67bc99b2a1adf281c1aaa70d9f3d4e\kotlin-compiler-embeddable-1.7.22.jar ~ 145383545
2023-11-21 08:27:15,689 c:/Users\VaSe310806\.gradle\caches\jars-9\de874551b52843e5556b06230c45e0e7\kotlin-compiler-embeddable-1.7.10.jar ~ 142757733
2023-11-21 08:27:19,430 c:/Users\VaSe310806\.gradle\wrapper\dists\gradle-7.5-all\6qsw290k5lz422uaf8jf6m7co\gradle-7.5-all.zip ~ 166044548
2023-11-21 08:27:25,833 c:/Users\VaSe310806\.gradle\wrapper\dists\gradle-8.0-bin\ca5e32bp14vu59qr306oxotwh\gradle-8.0-bin.zip ~ 124109385
2023-11-21 08:29:01,713 c:/Users\VaSe310806\AppData\Local\Android\Sdk\system-images\android-34\google_apis\x86_64\system.img ~ 4306501632
2023-11-21 08:29:01,723 c:/Users\VaSe310806\AppData\Local\Android\Sdk\system-images\android-34\google_apis\x86_64\vendor.img ~ 103809024
2023-11-21 08:29:02,416 c:/Users\VaSe310806\AppData\Local\arduino-ide-updater\installer.exe ~ 168801688
2023-11-21 08:29:02,427 c:/Users\VaSe310806\AppData\Local\arduino-ide-updater\pending\arduino-ide_2.0.4_Windows_64bit.exe ~ 169904016
2023-11-21 08:29:03,299 c:/Users\VaSe310806\AppData\Local\balena-etcher-updater\installer.exe ~ 155021320
2023-11-21 08:29:03,365 c:/Users\VaSe310806\AppData\Local\Discord\app-1.0.9020\Discord.exe ~ 136543008
2023-11-21 08:29:03,961 c:/Users\VaSe310806\AppData\Local\Docker\wsl\data\ext4.vhdx ~ 22782410752
2023-11-21 08:29:03,970 c:/Users\VaSe310806\AppData\Local\Docker\wsl\distro\ext4.vhdx ~ 404750336
2023-11-21 08:29:03,983 c:/Users\VaSe310806\AppData\Local\Downloaded Installations\{D91094BB-AD3C-498C-892D-303A83AC14D4}\PicoScope6.msi ~ 210305024
2023-11-21 08:29:14,358 c:/Users\VaSe310806\AppData\Local\Microsoft\OneNote\16.0\Back-up\2021 2022 klas 4IW elektriciteit, notitieblok\Sem VanBroekhoven\elektriciteit 4IW.one (op 11-06-2022).one ~ 118033053
2023-11-21 08:29:14,367 c:/Users\VaSe310806\AppData\Local\Microsoft\OneNote\16.0\Back-up\2021 2022 klas 4IW elektriciteit, notitieblok\Sem VanBroekhoven\elektriciteit 4IW.one (op 22-06-2022).one ~ 118121645
2023-11-21 08:29:14,381 c:/Users\VaSe310806\AppData\Local\Microsoft\OneNote\16.0\Back-up\2021 2022 klas 4IW elektriciteit, notitieblok\_Inhoudsbibliotheek\elektriciteit 4IW.one (op 11-06-2022).one ~ 124523349
2023-11-21 08:29:14,393 c:/Users\VaSe310806\AppData\Local\Microsoft\OneNote\16.0\Back-up\2021 2022 klas 4IW elektriciteit, notitieblok\_Inhoudsbibliotheek\elektriciteit 4IW.one (op 22-06-2022).one ~ 124644231
2023-11-21 08:29:14,422 c:/Users\VaSe310806\AppData\Local\Microsoft\OneNote\16.0\Back-up\2022 2023 klas 5IICT elektriciteit, notitieblok\Sem VanBroekhoven\elektriciteit 5IICT.one (op 3-09-2023).one ~ 186862633
2023-11-21 08:29:14,431 c:/Users\VaSe310806\AppData\Local\Microsoft\OneNote\16.0\Back-up\2022 2023 klas 5IICT elektriciteit, notitieblok\Sem VanBroekhoven\elektriciteit 5IICT.one (op 7-06-2023).one ~ 184243617
2023-11-21 08:29:14,445 c:/Users\VaSe310806\AppData\Local\Microsoft\OneNote\16.0\Back-up\2022 2023 klas 5IICT elektriciteit, notitieblok\_Inhoudsbibliotheek\elektriciteit 5IICT.one (op 3-09-2023).one ~ 194825351
2023-11-21 08:29:14,455 c:/Users\VaSe310806\AppData\Local\Microsoft\OneNote\16.0\Back-up\2022 2023 klas 5IICT elektriciteit, notitieblok\_Inhoudsbibliotheek\elektriciteit 5IICT.one (op 7-06-2023).one ~ 194298853
2023-11-21 08:29:14,810 c:/Users\VaSe310806\AppData\Local\Microsoft\Teams\current\Teams.exe ~ 149472328
2023-11-21 08:29:14,958 c:/Users\VaSe310806\AppData\Local\Microsoft\Teams\packages\Teams-1.6.00.31801-full.nupkg ~ 142242880
2023-11-21 08:29:14,980 c:/Users\VaSe310806\AppData\Local\Microsoft\Teams\previous\Teams.exe ~ 149475936
2023-11-21 08:29:17,879 c:/Users\VaSe310806\AppData\Local\Packages\Microsoft.4297127D64EC6_8wekyb3d8bbwe\LocalCache\Local\game\libcef.dll ~ 167781864
2023-11-21 08:29:21,537 c:/Users\VaSe310806\AppData\Local\Programs\Arduino IDE\Arduino IDE.exe ~ 140576032
2023-11-21 08:29:28,856 c:/Users\VaSe310806\AppData\Local\Programs\Microsoft VS Code\Code.exe ~ 154688032
2023-11-21 08:29:29,259 c:/Users\VaSe310806\AppData\Local\Programs\Microsoft VS Code\_\Code.exe ~ 154688032
2023-11-21 08:29:38,420 c:/Users\VaSe310806\AppData\Local\Temp\docker-scout\sha256\c1de5e42e9810c29273d9f9ddead5ff088219e49f31bdd274125b452efd551fe\99691794-8018-4bae-bbfb-d559ac5aedf7.tar ~ 804518400
2023-11-21 08:29:46,647 c:/Users\VaSe310806\AppData\Roaming\Microsoft\Teams\Cache\Cache_Data\data_3 ~ 100671488
2023-11-21 08:30:02,364 c:/Users\VaSe310806\Documents\FLUTTER\flutter\.git\objects\pack\pack-5312fa9eff3bd31ede60e300db0d620648118760.pack ~ 278753715
2023-11-21 08:30:02,421 c:/Users\VaSe310806\Documents\FLUTTER\flutter\bin\cache\artifacts\engine\windows-x64\flutter_windows.dll.pdb ~ 249991168
2023-11-21 08:30:02,450 c:/Users\VaSe310806\Documents\FLUTTER\flutter\bin\cache\artifacts\engine\windows-x64-profile\flutter_windows.dll.pdb ~ 231452672
2023-11-21 08:30:02,464 c:/Users\VaSe310806\Documents\FLUTTER\flutter\bin\cache\artifacts\engine\windows-x64-release\flutter_windows.dll.pdb ~ 227463168
2023-11-21 08:30:05,893 c:/Users\VaSe310806\Documents\S7\InstData\AWB\Media\Data1.cab ~ 160809889
2023-11-21 08:30:05,915 c:/Users\VaSe310806\Documents\S7\InstData\ES\Media\Data1.cab ~ 582283880
2023-11-21 08:30:05,931 c:/Users\VaSe310806\Documents\S7\InstData\HM_AllEditions\Media\Data1.cab ~ 721583691
2023-11-21 08:30:05,943 c:/Users\VaSe310806\Documents\S7\InstData\HM_NoBasic\Media\Data1.cab ~ 682265905
2023-11-21 08:30:05,954 c:/Users\VaSe310806\Documents\S7\InstData\IECPL\Media\Data1.cab ~ 885318068
2023-11-21 08:30:06,004 c:/Users\VaSe310806\Documents\S7\InstData\PE_Product\Media\Data1.cab ~ 116512842
2023-11-21 08:30:06,016 c:/Users\VaSe310806\Documents\S7\InstData\Prerequisites\DotNet\Media\ndp48-x86-x64-allos-enu.exe ~ 117380440
2023-11-21 08:30:06,055 c:/Users\VaSe310806\Documents\S7\InstData\Prosave\Media\SECO-PROSAVE\Data1.cab ~ 187125956
2023-11-21 08:30:06,136 c:/Users\VaSe310806\Documents\S7\InstData\SCADA-RT\Media\Data1.cab ~ 301826451
2023-11-21 08:30:06,158 c:/Users\VaSe310806\Documents\S7\InstData\SQL\EXP\en_sql_server_2017_express_x64_11301593.exe ~ 289058768
2023-11-21 08:30:06,196 c:/Users\VaSe310806\Documents\S7\InstData\UMC\Media\Data1.cab ~ 225566083
2023-11-21 08:30:06,210 c:/Users\VaSe310806\Documents\S7\InstData\WinCC-Tr-Mandatory\Media\Data1.cab ~ 184755823
2023-11-21 08:30:06,386 c:/Users\VaSe310806\Documents\SOLIDWORKS Downloads\SOLIDWORKS 2021 SP03\cam\CAM.cab ~ 205884611
2023-11-21 08:30:06,421 c:/Users\VaSe310806\Documents\SOLIDWORKS Downloads\SOLIDWORKS 2021 SP03\Flow Simulation\CFWiNT~1.cab ~ 178984007
2023-11-21 08:30:06,481 c:/Users\VaSe310806\Documents\SOLIDWORKS Downloads\SOLIDWORKS 2021 SP03\plastics\Help.cab ~ 212328314
2023-11-21 08:30:06,494 c:/Users\VaSe310806\Documents\SOLIDWORKS Downloads\SOLIDWORKS 2021 SP03\plastics\Software.cab ~ 127230791
2023-11-21 08:30:06,512 c:/Users\VaSe310806\Documents\SOLIDWORKS Downloads\SOLIDWORKS 2021 SP03\PreReqs\SQLServer\sqlexpr_x64_enu.exe ~ 337112352
2023-11-21 08:30:06,602 c:/Users\VaSe310806\Documents\SOLIDWORKS Downloads\SOLIDWORKS 2021 SP03\swComposer\InterOps.cab ~ 127584474
2023-11-21 08:30:06,613 c:/Users\VaSe310806\Documents\SOLIDWORKS Downloads\SOLIDWORKS 2021 SP03\swComposer\SWComp~1.cab ~ 127849997
2023-11-21 08:30:06,665 c:/Users\VaSe310806\Documents\SOLIDWORKS Downloads\SOLIDWORKS 2021 SP03\swelectric\Client~1.cab ~ 138484096
2023-11-21 08:30:06,687 c:/Users\VaSe310806\Documents\SOLIDWORKS Downloads\SOLIDWORKS 2021 SP03\swwi\data\Chm_En~1.cab ~ 100475168
2023-11-21 08:30:06,707 c:/Users\VaSe310806\Documents\SOLIDWORKS Downloads\SOLIDWORKS 2021 SP03\swwi\data\HelpFi~1.cab ~ 133918277
2023-11-21 08:30:06,721 c:/Users\VaSe310806\Documents\SOLIDWORKS Downloads\SOLIDWORKS 2021 SP03\swwi\data\i386_C~2.cab ~ 167172162
2023-11-21 08:30:06,736 c:/Users\VaSe310806\Documents\SOLIDWORKS Downloads\SOLIDWORKS 2021 SP03\swwi\data\i386_H~2.cab ~ 125039135
2023-11-21 08:30:06,748 c:/Users\VaSe310806\Documents\SOLIDWORKS Downloads\SOLIDWORKS 2021 SP03\swwi\data\i386_P~2.cab ~ 120271383
2023-11-21 08:30:06,761 c:/Users\VaSe310806\Documents\SOLIDWORKS Downloads\SOLIDWORKS 2021 SP03\swwi\data\i386_S~4.cab ~ 158904072
2023-11-21 08:30:06,769 c:/Users\VaSe310806\Documents\SOLIDWORKS Downloads\SOLIDWORKS 2021 SP03\swwi\data\i386_S~5.cab ~ 487852135
2023-11-21 08:30:06,791 c:/Users\VaSe310806\Documents\SOLIDWORKS Downloads\SOLIDWORKS 2021 SP03\swwi\data\Progra~1.cab ~ 533051671
2023-11-21 08:30:06,809 c:/Users\VaSe310806\Documents\SOLIDWORKS Downloads\SOLIDWORKS 2021 SP03\swwi\data\Shader~1.cab ~ 112193332
2023-11-21 08:30:06,902 c:/Users\VaSe310806\Documents\SOLIDWORKS Downloads\SOLIDWORKS 2021 SP03\visualize\Spatial.cab ~ 465664451
2023-11-21 08:30:06,912 c:/Users\VaSe310806\Documents\SOLIDWORKS Downloads\SOLIDWORKS 2021 SP03\visualize\Visual~1.cab ~ 648384401
2023-11-21 08:30:06,982 c:/Users\VaSe310806\Downloads\android-studio-2022.3.1.21-windows.exe ~ 1122823272
2023-11-21 08:30:08,527 c:/Users\VaSe310806\OneDrive - MOSA-RT\.visual studio code\dart\flutter\project_to_do_list\windows\flutter\ephemeral\flutter_windows.dll.pdb ~ 249991168
2023-11-21 08:30:09,034 c:/Users\VaSe310806\OneDrive - MOSA-RT\.visual studio code\dart\flutter\testproject\windows\flutter\ephemeral\flutter_windows.dll.pdb ~ 249925632
2023-11-21 08:30:26,630 c:/Windows\Installer\116706.msi ~ 111376384
2023-11-21 08:30:26,646 c:/Windows\Installer\139b15e0.msi ~ 210305024
2023-11-21 08:30:26,660 c:/Windows\Installer\19bf0f4a.msp ~ 107081728
2023-11-21 08:30:26,675 c:/Windows\Installer\245c2eb2.msp ~ 312434688
2023-11-21 08:30:26,703 c:/Windows\Installer\24fffa.msp ~ 244396032
2023-11-21 08:30:26,729 c:/Windows\Installer\2ddea627.msp ~ 150073344
2023-11-21 08:30:26,740 c:/Windows\Installer\2f8054c6.msp ~ 107597824
2023-11-21 08:30:26,751 c:/Windows\Installer\2ffe2c.msp ~ 226619392
2023-11-21 08:30:26,762 c:/Windows\Installer\2fff99.msp ~ 228925440
2023-11-21 08:30:26,776 c:/Windows\Installer\3005f560.msp ~ 339447808
2023-11-21 08:30:26,794 c:/Windows\Installer\3b6814ef.msi ~ 154316800
2023-11-21 08:30:26,810 c:/Windows\Installer\40249016.msp ~ 103636992
2023-11-21 08:30:26,823 c:/Windows\Installer\40cfff18.msp ~ 344588288
2023-11-21 08:30:26,835 c:/Windows\Installer\43e2be9.msp ~ 279289856
2023-11-21 08:30:26,851 c:/Windows\Installer\5633612.msi ~ 170500096
2023-11-21 08:30:26,888 c:/Windows\Installer\89bcab1.msp ~ 105156608
2023-11-21 08:30:26,901 c:/Windows\Installer\9d64956.msi ~ 491954688
2023-11-21 08:30:26,916 c:/Windows\Installer\b1d1c.msp ~ 260042752
2023-11-21 08:30:26,929 c:/Windows\Installer\e299b689.msp ~ 160845824
2023-11-21 08:30:26,947 c:/Windows\Installer\e32e5ada.msp ~ 119361536
2023-11-21 08:30:56,046 c:/Windows\servicing\LCU\Package_for_RollupFix~31bf3856ad364e35~amd64~~19041.3208.1.10\amd64_microsoft-windows-edgechromium_31bf3856ad364e35_10.0.19041.1266_none_74657031110a9d30\edge.wim ~ 115133979
2023-11-21 08:31:19,262 c:/Windows\System32\amdxc64.so ~ 109628240
2023-11-21 08:31:19,273 c:/Windows\System32\amd_comgr.dll ~ 105410072
2023-11-21 08:31:19,951 c:/Windows\System32\MRT.exe ~ 175983240
2023-11-21 08:31:21,618 c:/Windows\System32\DriverStore\FileRepository\amdocl.inf_amd64_1d390fc54998eee8\amd_comgr.dll ~ 105410072
2023-11-21 08:31:23,279 c:/Windows\System32\DriverStore\FileRepository\u0396538.inf_amd64_5079b158caf50d08\B395672\amdkmdag.sys ~ 106388096
2023-11-21 08:31:23,294 c:/Windows\System32\DriverStore\FileRepository\u0396538.inf_amd64_5079b158caf50d08\B395672\amdxc64.so ~ 109628240
2023-11-21 08:31:34,828 c:/Windows\WinSxS\amd64_microsoft-windows-edgechromium_31bf3856ad364e35_10.0.19041.1266_none_74657031110a9d30\Edge.wim ~ 115133979
2023-11-21 08:32:05,808 report sorted
2023-11-21 08:32:05,809 report sorted
2023-11-21 08:32:05,809 report sorted
