2023-11-26 20:38:56,713 storageCleanUpReport.html found
2023-11-26 20:38:56,713 storageCleanUpSaveFile.json found
2023-11-26 20:38:56,718 failed to check c:/hiberfil.sys
Traceback (most recent call last):
  File "c:\Users\VaSe310806\OneDrive - MOSA-RT\.visual studio code\Python\projects\toolbelt\storageCleanUpTool\storageCleanUpTool.py", line 92, in run
    largeFiles = saveDataToJson("windows", largeFiles, fileSize, filePath)
                 ^^^^^^^^^^^^^^^^^^^^^^^^^^^^^^^^^^^^^^^^^^^^^^^^^^^^^^^^^
  File "c:\Users\VaSe310806\OneDrive - MOSA-RT\.visual studio code\Python\projects\toolbelt\storageCleanUpTool\storageCleanUpTool.py", line 26, in saveDataToJson
    dict[fileSaveType][filePath] = byteconvertion.byteConvertion(fileSize)
                                   ^^^^^^^^^^^^^^
NameError: cannot access free variable 'byteconvertion' where it is not associated with a value in enclosing scope
2023-11-26 20:38:56,726 failed to check c:/pagefile.sys
Traceback (most recent call last):
  File "c:\Users\VaSe310806\OneDrive - MOSA-RT\.visual studio code\Python\projects\toolbelt\storageCleanUpTool\storageCleanUpTool.py", line 92, in run
    largeFiles = saveDataToJson("windows", largeFiles, fileSize, filePath)
                 ^^^^^^^^^^^^^^^^^^^^^^^^^^^^^^^^^^^^^^^^^^^^^^^^^^^^^^^^^
  File "c:\Users\VaSe310806\OneDrive - MOSA-RT\.visual studio code\Python\projects\toolbelt\storageCleanUpTool\storageCleanUpTool.py", line 26, in saveDataToJson
    dict[fileSaveType][filePath] = byteconvertion.byteConvertion(fileSize)
                                   ^^^^^^^^^^^^^^
NameError: cannot access free variable 'byteconvertion' where it is not associated with a value in enclosing scope
2023-11-26 20:38:56,797 failed to check c:/$Recycle.Bin\S-1-12-1-2100826170-1101084495-1281546917-2835594438\$R2Z8BN3\SOLIDWORKS 2021 SP03\cam\CAM.cab
Traceback (most recent call last):
  File "c:\Users\VaSe310806\OneDrive - MOSA-RT\.visual studio code\Python\projects\toolbelt\storageCleanUpTool\storageCleanUpTool.py", line 89, in run
    largeFiles = saveDataToJson("100MB", largeFiles, fileSize, filePath)
                 ^^^^^^^^^^^^^^^^^^^^^^^^^^^^^^^^^^^^^^^^^^^^^^^^^^^^^^^
  File "c:\Users\VaSe310806\OneDrive - MOSA-RT\.visual studio code\Python\projects\toolbelt\storageCleanUpTool\storageCleanUpTool.py", line 26, in saveDataToJson
    dict[fileSaveType][filePath] = byteconvertion.byteConvertion(fileSize)
                                   ^^^^^^^^^^^^^^
NameError: cannot access free variable 'byteconvertion' where it is not associated with a value in enclosing scope
2023-11-26 20:38:56,830 failed to check c:/$Recycle.Bin\S-1-12-1-2100826170-1101084495-1281546917-2835594438\$R2Z8BN3\SOLIDWORKS 2021 SP03\Flow Simulation\CFWiNT~1.cab
Traceback (most recent call last):
  File "c:\Users\VaSe310806\OneDrive - MOSA-RT\.visual studio code\Python\projects\toolbelt\storageCleanUpTool\storageCleanUpTool.py", line 89, in run
    largeFiles = saveDataToJson("100MB", largeFiles, fileSize, filePath)
                 ^^^^^^^^^^^^^^^^^^^^^^^^^^^^^^^^^^^^^^^^^^^^^^^^^^^^^^^
  File "c:\Users\VaSe310806\OneDrive - MOSA-RT\.visual studio code\Python\projects\toolbelt\storageCleanUpTool\storageCleanUpTool.py", line 26, in saveDataToJson
    dict[fileSaveType][filePath] = byteconvertion.byteConvertion(fileSize)
                                   ^^^^^^^^^^^^^^
NameError: cannot access free variable 'byteconvertion' where it is not associated with a value in enclosing scope
2023-11-26 20:38:56,874 failed to check c:/$Recycle.Bin\S-1-12-1-2100826170-1101084495-1281546917-2835594438\$R2Z8BN3\SOLIDWORKS 2021 SP03\plastics\Help.cab
Traceback (most recent call last):
  File "c:\Users\VaSe310806\OneDrive - MOSA-RT\.visual studio code\Python\projects\toolbelt\storageCleanUpTool\storageCleanUpTool.py", line 89, in run
    largeFiles = saveDataToJson("100MB", largeFiles, fileSize, filePath)
                 ^^^^^^^^^^^^^^^^^^^^^^^^^^^^^^^^^^^^^^^^^^^^^^^^^^^^^^^
  File "c:\Users\VaSe310806\OneDrive - MOSA-RT\.visual studio code\Python\projects\toolbelt\storageCleanUpTool\storageCleanUpTool.py", line 26, in saveDataToJson
    dict[fileSaveType][filePath] = byteconvertion.byteConvertion(fileSize)
                                   ^^^^^^^^^^^^^^
NameError: cannot access free variable 'byteconvertion' where it is not associated with a value in enclosing scope
2023-11-26 20:38:56,882 failed to check c:/$Recycle.Bin\S-1-12-1-2100826170-1101084495-1281546917-2835594438\$R2Z8BN3\SOLIDWORKS 2021 SP03\plastics\Software.cab
Traceback (most recent call last):
  File "c:\Users\VaSe310806\OneDrive - MOSA-RT\.visual studio code\Python\projects\toolbelt\storageCleanUpTool\storageCleanUpTool.py", line 89, in run
    largeFiles = saveDataToJson("100MB", largeFiles, fileSize, filePath)
                 ^^^^^^^^^^^^^^^^^^^^^^^^^^^^^^^^^^^^^^^^^^^^^^^^^^^^^^^
  File "c:\Users\VaSe310806\OneDrive - MOSA-RT\.visual studio code\Python\projects\toolbelt\storageCleanUpTool\storageCleanUpTool.py", line 26, in saveDataToJson
    dict[fileSaveType][filePath] = byteconvertion.byteConvertion(fileSize)
                                   ^^^^^^^^^^^^^^
NameError: cannot access free variable 'byteconvertion' where it is not associated with a value in enclosing scope
2023-11-26 20:38:56,893 failed to check c:/$Recycle.Bin\S-1-12-1-2100826170-1101084495-1281546917-2835594438\$R2Z8BN3\SOLIDWORKS 2021 SP03\PreReqs\SQLServer\sqlexpr_x64_enu.exe
Traceback (most recent call last):
  File "c:\Users\VaSe310806\OneDrive - MOSA-RT\.visual studio code\Python\projects\toolbelt\storageCleanUpTool\storageCleanUpTool.py", line 89, in run
    largeFiles = saveDataToJson("100MB", largeFiles, fileSize, filePath)
                 ^^^^^^^^^^^^^^^^^^^^^^^^^^^^^^^^^^^^^^^^^^^^^^^^^^^^^^^
  File "c:\Users\VaSe310806\OneDrive - MOSA-RT\.visual studio code\Python\projects\toolbelt\storageCleanUpTool\storageCleanUpTool.py", line 26, in saveDataToJson
    dict[fileSaveType][filePath] = byteconvertion.byteConvertion(fileSize)
                                   ^^^^^^^^^^^^^^
NameError: cannot access free variable 'byteconvertion' where it is not associated with a value in enclosing scope
2023-11-26 20:38:56,955 failed to check c:/$Recycle.Bin\S-1-12-1-2100826170-1101084495-1281546917-2835594438\$R2Z8BN3\SOLIDWORKS 2021 SP03\swComposer\InterOps.cab
Traceback (most recent call last):
  File "c:\Users\VaSe310806\OneDrive - MOSA-RT\.visual studio code\Python\projects\toolbelt\storageCleanUpTool\storageCleanUpTool.py", line 89, in run
    largeFiles = saveDataToJson("100MB", largeFiles, fileSize, filePath)
                 ^^^^^^^^^^^^^^^^^^^^^^^^^^^^^^^^^^^^^^^^^^^^^^^^^^^^^^^
  File "c:\Users\VaSe310806\OneDrive - MOSA-RT\.visual studio code\Python\projects\toolbelt\storageCleanUpTool\storageCleanUpTool.py", line 26, in saveDataToJson
    dict[fileSaveType][filePath] = byteconvertion.byteConvertion(fileSize)
                                   ^^^^^^^^^^^^^^
NameError: cannot access free variable 'byteconvertion' where it is not associated with a value in enclosing scope
2023-11-26 20:38:56,962 failed to check c:/$Recycle.Bin\S-1-12-1-2100826170-1101084495-1281546917-2835594438\$R2Z8BN3\SOLIDWORKS 2021 SP03\swComposer\SWComp~1.cab
Traceback (most recent call last):
  File "c:\Users\VaSe310806\OneDrive - MOSA-RT\.visual studio code\Python\projects\toolbelt\storageCleanUpTool\storageCleanUpTool.py", line 89, in run
    largeFiles = saveDataToJson("100MB", largeFiles, fileSize, filePath)
                 ^^^^^^^^^^^^^^^^^^^^^^^^^^^^^^^^^^^^^^^^^^^^^^^^^^^^^^^
  File "c:\Users\VaSe310806\OneDrive - MOSA-RT\.visual studio code\Python\projects\toolbelt\storageCleanUpTool\storageCleanUpTool.py", line 26, in saveDataToJson
    dict[fileSaveType][filePath] = byteconvertion.byteConvertion(fileSize)
                                   ^^^^^^^^^^^^^^
NameError: cannot access free variable 'byteconvertion' where it is not associated with a value in enclosing scope
2023-11-26 20:38:57,000 failed to check c:/$Recycle.Bin\S-1-12-1-2100826170-1101084495-1281546917-2835594438\$R2Z8BN3\SOLIDWORKS 2021 SP03\swelectric\Client~1.cab
Traceback (most recent call last):
  File "c:\Users\VaSe310806\OneDrive - MOSA-RT\.visual studio code\Python\projects\toolbelt\storageCleanUpTool\storageCleanUpTool.py", line 89, in run
    largeFiles = saveDataToJson("100MB", largeFiles, fileSize, filePath)
                 ^^^^^^^^^^^^^^^^^^^^^^^^^^^^^^^^^^^^^^^^^^^^^^^^^^^^^^^
  File "c:\Users\VaSe310806\OneDrive - MOSA-RT\.visual studio code\Python\projects\toolbelt\storageCleanUpTool\storageCleanUpTool.py", line 26, in saveDataToJson
    dict[fileSaveType][filePath] = byteconvertion.byteConvertion(fileSize)
                                   ^^^^^^^^^^^^^^
NameError: cannot access free variable 'byteconvertion' where it is not associated with a value in enclosing scope
2023-11-26 20:38:57,030 failed to check c:/$Recycle.Bin\S-1-12-1-2100826170-1101084495-1281546917-2835594438\$R2Z8BN3\SOLIDWORKS 2021 SP03\swwi\data\Chm_En~1.cab
Traceback (most recent call last):
  File "c:\Users\VaSe310806\OneDrive - MOSA-RT\.visual studio code\Python\projects\toolbelt\storageCleanUpTool\storageCleanUpTool.py", line 89, in run
    largeFiles = saveDataToJson("100MB", largeFiles, fileSize, filePath)
                 ^^^^^^^^^^^^^^^^^^^^^^^^^^^^^^^^^^^^^^^^^^^^^^^^^^^^^^^
  File "c:\Users\VaSe310806\OneDrive - MOSA-RT\.visual studio code\Python\projects\toolbelt\storageCleanUpTool\storageCleanUpTool.py", line 26, in saveDataToJson
    dict[fileSaveType][filePath] = byteconvertion.byteConvertion(fileSize)
                                   ^^^^^^^^^^^^^^
NameError: cannot access free variable 'byteconvertion' where it is not associated with a value in enclosing scope
2023-11-26 20:38:57,042 failed to check c:/$Recycle.Bin\S-1-12-1-2100826170-1101084495-1281546917-2835594438\$R2Z8BN3\SOLIDWORKS 2021 SP03\swwi\data\HelpFi~1.cab
Traceback (most recent call last):
  File "c:\Users\VaSe310806\OneDrive - MOSA-RT\.visual studio code\Python\projects\toolbelt\storageCleanUpTool\storageCleanUpTool.py", line 89, in run
    largeFiles = saveDataToJson("100MB", largeFiles, fileSize, filePath)
                 ^^^^^^^^^^^^^^^^^^^^^^^^^^^^^^^^^^^^^^^^^^^^^^^^^^^^^^^
  File "c:\Users\VaSe310806\OneDrive - MOSA-RT\.visual studio code\Python\projects\toolbelt\storageCleanUpTool\storageCleanUpTool.py", line 26, in saveDataToJson
    dict[fileSaveType][filePath] = byteconvertion.byteConvertion(fileSize)
                                   ^^^^^^^^^^^^^^
NameError: cannot access free variable 'byteconvertion' where it is not associated with a value in enclosing scope
2023-11-26 20:38:57,048 failed to check c:/$Recycle.Bin\S-1-12-1-2100826170-1101084495-1281546917-2835594438\$R2Z8BN3\SOLIDWORKS 2021 SP03\swwi\data\i386_C~2.cab
Traceback (most recent call last):
  File "c:\Users\VaSe310806\OneDrive - MOSA-RT\.visual studio code\Python\projects\toolbelt\storageCleanUpTool\storageCleanUpTool.py", line 89, in run
    largeFiles = saveDataToJson("100MB", largeFiles, fileSize, filePath)
                 ^^^^^^^^^^^^^^^^^^^^^^^^^^^^^^^^^^^^^^^^^^^^^^^^^^^^^^^
  File "c:\Users\VaSe310806\OneDrive - MOSA-RT\.visual studio code\Python\projects\toolbelt\storageCleanUpTool\storageCleanUpTool.py", line 26, in saveDataToJson
    dict[fileSaveType][filePath] = byteconvertion.byteConvertion(fileSize)
                                   ^^^^^^^^^^^^^^
NameError: cannot access free variable 'byteconvertion' where it is not associated with a value in enclosing scope
2023-11-26 20:38:57,057 failed to check c:/$Recycle.Bin\S-1-12-1-2100826170-1101084495-1281546917-2835594438\$R2Z8BN3\SOLIDWORKS 2021 SP03\swwi\data\i386_H~2.cab
Traceback (most recent call last):
  File "c:\Users\VaSe310806\OneDrive - MOSA-RT\.visual studio code\Python\projects\toolbelt\storageCleanUpTool\storageCleanUpTool.py", line 89, in run
    largeFiles = saveDataToJson("100MB", largeFiles, fileSize, filePath)
                 ^^^^^^^^^^^^^^^^^^^^^^^^^^^^^^^^^^^^^^^^^^^^^^^^^^^^^^^
  File "c:\Users\VaSe310806\OneDrive - MOSA-RT\.visual studio code\Python\projects\toolbelt\storageCleanUpTool\storageCleanUpTool.py", line 26, in saveDataToJson
    dict[fileSaveType][filePath] = byteconvertion.byteConvertion(fileSize)
                                   ^^^^^^^^^^^^^^
NameError: cannot access free variable 'byteconvertion' where it is not associated with a value in enclosing scope
2023-11-26 20:38:57,064 failed to check c:/$Recycle.Bin\S-1-12-1-2100826170-1101084495-1281546917-2835594438\$R2Z8BN3\SOLIDWORKS 2021 SP03\swwi\data\i386_P~2.cab
Traceback (most recent call last):
  File "c:\Users\VaSe310806\OneDrive - MOSA-RT\.visual studio code\Python\projects\toolbelt\storageCleanUpTool\storageCleanUpTool.py", line 89, in run
    largeFiles = saveDataToJson("100MB", largeFiles, fileSize, filePath)
                 ^^^^^^^^^^^^^^^^^^^^^^^^^^^^^^^^^^^^^^^^^^^^^^^^^^^^^^^
  File "c:\Users\VaSe310806\OneDrive - MOSA-RT\.visual studio code\Python\projects\toolbelt\storageCleanUpTool\storageCleanUpTool.py", line 26, in saveDataToJson
    dict[fileSaveType][filePath] = byteconvertion.byteConvertion(fileSize)
                                   ^^^^^^^^^^^^^^
NameError: cannot access free variable 'byteconvertion' where it is not associated with a value in enclosing scope
2023-11-26 20:38:57,072 failed to check c:/$Recycle.Bin\S-1-12-1-2100826170-1101084495-1281546917-2835594438\$R2Z8BN3\SOLIDWORKS 2021 SP03\swwi\data\i386_S~4.cab
Traceback (most recent call last):
  File "c:\Users\VaSe310806\OneDrive - MOSA-RT\.visual studio code\Python\projects\toolbelt\storageCleanUpTool\storageCleanUpTool.py", line 89, in run
    largeFiles = saveDataToJson("100MB", largeFiles, fileSize, filePath)
                 ^^^^^^^^^^^^^^^^^^^^^^^^^^^^^^^^^^^^^^^^^^^^^^^^^^^^^^^
  File "c:\Users\VaSe310806\OneDrive - MOSA-RT\.visual studio code\Python\projects\toolbelt\storageCleanUpTool\storageCleanUpTool.py", line 26, in saveDataToJson
    dict[fileSaveType][filePath] = byteconvertion.byteConvertion(fileSize)
                                   ^^^^^^^^^^^^^^
NameError: cannot access free variable 'byteconvertion' where it is not associated with a value in enclosing scope
2023-11-26 20:38:57,077 failed to check c:/$Recycle.Bin\S-1-12-1-2100826170-1101084495-1281546917-2835594438\$R2Z8BN3\SOLIDWORKS 2021 SP03\swwi\data\i386_S~5.cab
Traceback (most recent call last):
  File "c:\Users\VaSe310806\OneDrive - MOSA-RT\.visual studio code\Python\projects\toolbelt\storageCleanUpTool\storageCleanUpTool.py", line 89, in run
    largeFiles = saveDataToJson("100MB", largeFiles, fileSize, filePath)
                 ^^^^^^^^^^^^^^^^^^^^^^^^^^^^^^^^^^^^^^^^^^^^^^^^^^^^^^^
  File "c:\Users\VaSe310806\OneDrive - MOSA-RT\.visual studio code\Python\projects\toolbelt\storageCleanUpTool\storageCleanUpTool.py", line 26, in saveDataToJson
    dict[fileSaveType][filePath] = byteconvertion.byteConvertion(fileSize)
                                   ^^^^^^^^^^^^^^
NameError: cannot access free variable 'byteconvertion' where it is not associated with a value in enclosing scope
2023-11-26 20:38:57,095 failed to check c:/$Recycle.Bin\S-1-12-1-2100826170-1101084495-1281546917-2835594438\$R2Z8BN3\SOLIDWORKS 2021 SP03\swwi\data\Progra~1.cab
Traceback (most recent call last):
  File "c:\Users\VaSe310806\OneDrive - MOSA-RT\.visual studio code\Python\projects\toolbelt\storageCleanUpTool\storageCleanUpTool.py", line 89, in run
    largeFiles = saveDataToJson("100MB", largeFiles, fileSize, filePath)
                 ^^^^^^^^^^^^^^^^^^^^^^^^^^^^^^^^^^^^^^^^^^^^^^^^^^^^^^^
  File "c:\Users\VaSe310806\OneDrive - MOSA-RT\.visual studio code\Python\projects\toolbelt\storageCleanUpTool\storageCleanUpTool.py", line 26, in saveDataToJson
    dict[fileSaveType][filePath] = byteconvertion.byteConvertion(fileSize)
                                   ^^^^^^^^^^^^^^
NameError: cannot access free variable 'byteconvertion' where it is not associated with a value in enclosing scope
2023-11-26 20:38:57,108 failed to check c:/$Recycle.Bin\S-1-12-1-2100826170-1101084495-1281546917-2835594438\$R2Z8BN3\SOLIDWORKS 2021 SP03\swwi\data\Shader~1.cab
Traceback (most recent call last):
  File "c:\Users\VaSe310806\OneDrive - MOSA-RT\.visual studio code\Python\projects\toolbelt\storageCleanUpTool\storageCleanUpTool.py", line 89, in run
    largeFiles = saveDataToJson("100MB", largeFiles, fileSize, filePath)
                 ^^^^^^^^^^^^^^^^^^^^^^^^^^^^^^^^^^^^^^^^^^^^^^^^^^^^^^^
  File "c:\Users\VaSe310806\OneDrive - MOSA-RT\.visual studio code\Python\projects\toolbelt\storageCleanUpTool\storageCleanUpTool.py", line 26, in saveDataToJson
    dict[fileSaveType][filePath] = byteconvertion.byteConvertion(fileSize)
                                   ^^^^^^^^^^^^^^
NameError: cannot access free variable 'byteconvertion' where it is not associated with a value in enclosing scope
2023-11-26 20:38:57,184 failed to check c:/$Recycle.Bin\S-1-12-1-2100826170-1101084495-1281546917-2835594438\$R2Z8BN3\SOLIDWORKS 2021 SP03\visualize\Spatial.cab
Traceback (most recent call last):
  File "c:\Users\VaSe310806\OneDrive - MOSA-RT\.visual studio code\Python\projects\toolbelt\storageCleanUpTool\storageCleanUpTool.py", line 89, in run
    largeFiles = saveDataToJson("100MB", largeFiles, fileSize, filePath)
                 ^^^^^^^^^^^^^^^^^^^^^^^^^^^^^^^^^^^^^^^^^^^^^^^^^^^^^^^
  File "c:\Users\VaSe310806\OneDrive - MOSA-RT\.visual studio code\Python\projects\toolbelt\storageCleanUpTool\storageCleanUpTool.py", line 26, in saveDataToJson
    dict[fileSaveType][filePath] = byteconvertion.byteConvertion(fileSize)
                                   ^^^^^^^^^^^^^^
NameError: cannot access free variable 'byteconvertion' where it is not associated with a value in enclosing scope
2023-11-26 20:38:57,189 failed to check c:/$Recycle.Bin\S-1-12-1-2100826170-1101084495-1281546917-2835594438\$R2Z8BN3\SOLIDWORKS 2021 SP03\visualize\Visual~1.cab
Traceback (most recent call last):
  File "c:\Users\VaSe310806\OneDrive - MOSA-RT\.visual studio code\Python\projects\toolbelt\storageCleanUpTool\storageCleanUpTool.py", line 89, in run
    largeFiles = saveDataToJson("100MB", largeFiles, fileSize, filePath)
                 ^^^^^^^^^^^^^^^^^^^^^^^^^^^^^^^^^^^^^^^^^^^^^^^^^^^^^^^
  File "c:\Users\VaSe310806\OneDrive - MOSA-RT\.visual studio code\Python\projects\toolbelt\storageCleanUpTool\storageCleanUpTool.py", line 26, in saveDataToJson
    dict[fileSaveType][filePath] = byteconvertion.byteConvertion(fileSize)
                                   ^^^^^^^^^^^^^^
NameError: cannot access free variable 'byteconvertion' where it is not associated with a value in enclosing scope
2023-11-26 20:38:57,779 failed to check c:/Korpus\Indigo\data\shaders\overlay_vert_shader.glsl
Traceback (most recent call last):
  File "c:\Users\VaSe310806\OneDrive - MOSA-RT\.visual studio code\Python\projects\toolbelt\storageCleanUpTool\storageCleanUpTool.py", line 82, in run
    print(f"{timeElapsed} | {len(largeFiles['1GB'])} > 1GB | {len(largeFiles['100MB'])} > 100MB | checking: {filePath}")
KeyboardInterrupt
2023-11-26 20:38:58,114 failed to check c:/KorpusData\Mod\testlv_12.Mod
Traceback (most recent call last):
  File "c:\Users\VaSe310806\OneDrive - MOSA-RT\.visual studio code\Python\projects\toolbelt\storageCleanUpTool\storageCleanUpTool.py", line 83, in run
    fileSize = os.path.getsize(filePath)
               ^^^^^^^^^^^^^^^^^^^^^^^^^
  File "<frozen genericpath>", line 62, in getsize
KeyboardInterrupt
2023-11-26 20:38:58,344 failed to check c:/Program Files\AdoptOpenJDK\jre-11.0.7.10-hotspot\legal\java.transaction.xa\ADDITIONAL_LICENSE_INFO
Traceback (most recent call last):
  File "c:\Users\VaSe310806\OneDrive - MOSA-RT\.visual studio code\Python\projects\toolbelt\storageCleanUpTool\storageCleanUpTool.py", line 84, in run
    if not any(x in filePath.lower() for x in ["windows", "sys"]) :
           ^^^^^^^^^^^^^^^^^^^^^^^^^^^^^^^^^^^^^^^^^^^^^^^^^^^^^^
  File "c:\Users\VaSe310806\OneDrive - MOSA-RT\.visual studio code\Python\projects\toolbelt\storageCleanUpTool\storageCleanUpTool.py", line 84, in <genexpr>
    if not any(x in filePath.lower() for x in ["windows", "sys"]) :
    
KeyboardInterrupt
2023-11-26 20:38:58,803 failed to check c:/Program Files\AMD\CNext\CNext\Qt6WebEngineCore.dll
Traceback (most recent call last):
  File "c:\Users\VaSe310806\OneDrive - MOSA-RT\.visual studio code\Python\projects\toolbelt\storageCleanUpTool\storageCleanUpTool.py", line 89, in run
    largeFiles = saveDataToJson("100MB", largeFiles, fileSize, filePath)
                 ^^^^^^^^^^^^^^^^^^^^^^^^^^^^^^^^^^^^^^^^^^^^^^^^^^^^^^^
  File "c:\Users\VaSe310806\OneDrive - MOSA-RT\.visual studio code\Python\projects\toolbelt\storageCleanUpTool\storageCleanUpTool.py", line 26, in saveDataToJson
    dict[fileSaveType][filePath] = byteconvertion.byteConvertion(fileSize)
                                   ^^^^^^^^^^^^^^
NameError: cannot access free variable 'byteconvertion' where it is not associated with a value in enclosing scope
